<?xml version="1.0" encoding="utf-8"?><testsuites name="pytest tests"><testsuite name="pytest" errors="0" failures="0" skipped="0" tests="46" time="26.126" timestamp="2026-09-06T02:44:23.365632+00:00" hostname="localhost"><testcase classname="backend.tests.test_api_jobs" name="test_local_security_headers" time="1.077" /><testcase classname="backend.tests.test_api_jobs" name="test_import_range_assets_and_validation" time="0.484" /><testcase classname="backend.tests.test_api_jobs" name="test_mp3_import_is_real_decode" time="0.325" /><testcase classname="backend.tests.test_api_jobs" name="test_revision_undo_and_metadata_round_trip" time="0.226" /><testcase classname="backend.tests.test_api_jobs" name="test_erase_job_and_undo_keep_original_asset" time="1.080" /><testcase classname="backend.tests.test_api_jobs" name="test_transpose_uses_root_and_moves_declared_tonic" time="2.181" /><testcase classname="backend.tests.test_api_jobs" name="test_record_and_punch_preserve_raw_takes" time="1.529" /><testcase classname="backend.tests.test_api_jobs" name="test_short_punch_fails_without_losing_raw_or_original" time="1.472" /><testcase classname="backend.tests.test_api_jobs" name="test_effects_automix_export_actual_worker" time="3.178" /><testcase classname="backend.tests.test_api_jobs" name="test_neural_feature_does_not_fake_success_when_absent" time="0.191" /><testcase classname="backend.tests.test_api_jobs" name="test_restart_marks_interrupted_jobs_failed" time="0.004" /><testcase classname="backend.tests.test_api_jobs" name="test_cancellation_terminates_real_isolated_process" time="0.485" /><testcase classname="backend.tests.test_api_jobs" name="test_pitch_and_harmony_use_actual_dsp_worker" time="6.161" /><testcase classname="backend.tests.test_api_jobs" name="test_zero_strength_tuning_preserves_exact_audio_file" time="2.831" /><testcase classname="backend.tests.test_audio" name="test_metadata_tracks_real_peaks_antiphase" time="0.058" /><testcase classname="backend.tests.test_audio" name="test_rubberband_changes_pitch_not_duration[-5]" time="0.153" /><testcase classname="backend.tests.test_audio" name="test_rubberband_changes_pitch_not_duration[3]" time="0.178" /><testcase classname="backend.tests.test_audio" name="test_rubberband_changes_pitch_not_duration[12]" time="0.248" /><testcase classname="backend.tests.test_audio" name="test_erase_never_ripples_or_changes_outside" time="0.003" /><testcase classname="backend.tests.test_audio" name="test_punch_crossfade_preserves_original_and_rejects_short" time="0.003" /><testcase classname="backend.tests.test_audio" name="test_pan_and_db_automation_match_stereo_semantics" time="0.001" /><testcase classname="backend.tests.test_audio" name="test_mixer_offsets_solos_and_gain" time="0.047" /><testcase classname="backend.tests.test_audio" name="test_effects_render_finite_and_keep_tail" time="0.126" /><testcase classname="backend.tests.test_audio" name="test_two_pass_mastering_is_measured[wav]" time="0.508" /><testcase classname="backend.tests.test_audio" name="test_two_pass_mastering_is_measured[flac]" time="0.585" /><testcase classname="backend.tests.test_audio" name="test_two_pass_mastering_is_measured[mp3]" time="0.525" /><testcase classname="backend.tests.test_audio" name="test_silence_master_does_not_crash" time="0.133" /><testcase classname="backend.tests.test_audio" name="test_invalid_audio_rejected" time="0.059" /><testcase classname="backend.tests.test_audio" name="test_lrc_multiple_timestamps_and_offsets" time="0.001" /><testcase classname="backend.tests.test_pitch" name="test_scale_correction_harmony_and_manual_notes" time="0.001" /><testcase classname="backend.tests.test_pitch" name="test_unvoiced_is_not_forced_into_notes" time="0.001" /><testcase classname="backend.tests.test_pitch" name="test_actual_pyin_tracks_synthetic_voice" time="1.751" /><testcase classname="backend.tests.test_pitch" name="test_actual_psola_changes_pitch_and_preserves_length" time="0.174" /><testcase classname="backend.tests.test_schemas_store" name="test_reject_unsafe_job_options[payload0]" time="0.001" /><testcase classname="backend.tests.test_schemas_store" name="test_reject_unsafe_job_options[payload1]" time="0.000" /><testcase classname="backend.tests.test_schemas_store" name="test_reject_unsafe_job_options[payload2]" time="0.000" /><testcase classname="backend.tests.test_schemas_store" name="test_reject_unsafe_job_options[payload3]" time="0.000" /><testcase classname="backend.tests.test_schemas_store" name="test_reject_unsafe_job_options[payload4]" time="0.000" /><testcase classname="backend.tests.test_schemas_store" name="test_reject_unsafe_job_options[payload5]" time="0.000" /><testcase classname="backend.tests.test_schemas_store" name="test_reject_unsafe_job_options[payload6]" time="0.000" /><testcase classname="backend.tests.test_schemas_store" name="test_reject_unsafe_job_options[payload7]" time="0.000" /><testcase classname="backend.tests.test_schemas_store" name="test_automation_strictly_ordered" time="0.000" /><testcase classname="backend.tests.test_schemas_store" name="test_history_revision_and_branching" time="0.008" /><testcase classname="backend.tests.test_schemas_store" name="test_transaction_rolls_back_on_failure" time="0.003" /><testcase classname="backend.tests.test_schemas_store" name="test_active_job_locks_mutation_and_undo" time="0.004" /><testcase classname="backend.tests.test_schemas_store" name="test_assets_are_scoped_and_paths_cannot_escape" time="0.005" /></testsuite></testsuites>